0 info it worked if it ends with ok
1 verbose cli [ 'node',
1 verbose cli   'C:\\Users\\kelly\\AppData\\Roaming\\npm\\node_modules\\npm\\bin\\npm-cli.js',
1 verbose cli   'publish' ]
2 info using npm@1.4.26
3 info using node@v0.10.31
4 verbose publish [ '.' ]
5 verbose cache add [ '.', null ]
6 verbose cache add name=undefined spec="." args=[".",null]
7 verbose parsed url { protocol: null,
7 verbose parsed url   slashes: null,
7 verbose parsed url   auth: null,
7 verbose parsed url   host: null,
7 verbose parsed url   port: null,
7 verbose parsed url   hostname: null,
7 verbose parsed url   hash: null,
7 verbose parsed url   search: null,
7 verbose parsed url   query: null,
7 verbose parsed url   pathname: '.',
7 verbose parsed url   path: '.',
7 verbose parsed url   href: '.' }
8 silly lockFile 3a52ce78- .
9 verbose lock . C:\Users\kelly\AppData\Roaming\npm-cache\3a52ce78-.lock
10 verbose tar pack [ 'C:\\Users\\kelly\\AppData\\Roaming\\npm-cache\\broccoli-jscs\\0.0.5\\package.tgz',
10 verbose tar pack   '.' ]
11 verbose tarball C:\Users\kelly\AppData\Roaming\npm-cache\broccoli-jscs\0.0.5\package.tgz
12 verbose folder .
13 info prepublish broccoli-jscs@0.0.5
14 silly lockFile 1f1177db-tar tar://.
15 verbose lock tar://. C:\Users\kelly\AppData\Roaming\npm-cache\1f1177db-tar.lock
16 silly lockFile 6cfec66e--broccoli-jscs-0-0-5-package-tgz tar://C:\Users\kelly\AppData\Roaming\npm-cache\broccoli-jscs\0.0.5\package.tgz
17 verbose lock tar://C:\Users\kelly\AppData\Roaming\npm-cache\broccoli-jscs\0.0.5\package.tgz C:\Users\kelly\AppData\Roaming\npm-cache\6cfec66e--broccoli-jscs-0-0-5-package-tgz.lock
18 silly lockFile 1f1177db-tar tar://.
19 silly lockFile 1f1177db-tar tar://.
20 silly lockFile 6cfec66e--broccoli-jscs-0-0-5-package-tgz tar://C:\Users\kelly\AppData\Roaming\npm-cache\broccoli-jscs\0.0.5\package.tgz
21 silly lockFile 6cfec66e--broccoli-jscs-0-0-5-package-tgz tar://C:\Users\kelly\AppData\Roaming\npm-cache\broccoli-jscs\0.0.5\package.tgz
22 silly lockFile b37e2f8d-ache-broccoli-jscs-0-0-5-package C:\Users\kelly\AppData\Roaming\npm-cache\broccoli-jscs\0.0.5\package
23 verbose lock C:\Users\kelly\AppData\Roaming\npm-cache\broccoli-jscs\0.0.5\package C:\Users\kelly\AppData\Roaming\npm-cache\b37e2f8d-ache-broccoli-jscs-0-0-5-package.lock
24 silly lockFile b37e2f8d-ache-broccoli-jscs-0-0-5-package C:\Users\kelly\AppData\Roaming\npm-cache\broccoli-jscs\0.0.5\package
25 silly lockFile b37e2f8d-ache-broccoli-jscs-0-0-5-package C:\Users\kelly\AppData\Roaming\npm-cache\broccoli-jscs\0.0.5\package
26 silly lockFile 3a52ce78- .
27 silly lockFile 3a52ce78- .
28 silly publish { name: 'broccoli-jscs',
28 silly publish   version: '0.0.5',
28 silly publish   description: 'Broccoli plugin for jscs',
28 silly publish   main: 'index.js',
28 silly publish   dependencies: { 'broccoli-filter': '^0.1.7', jscs: '^1.7.3' },
28 silly publish   devDependencies: {},
28 silly publish   scripts: { test: 'echo "Error: no test specified" && exit 1' },
28 silly publish   repository:
28 silly publish    { type: 'git',
28 silly publish      url: 'https://github.com/kellyselden/broccoli-jscs.git' },
28 silly publish   keywords: [ 'broccoli-plugin', 'jscs', 'javascript', 'ember-addon' ],
28 silly publish   author: { name: 'Kelly Selden' },
28 silly publish   license: 'MIT',
28 silly publish   bugs: { url: 'https://github.com/kellyselden/broccoli-jscs/issues' },
28 silly publish   homepage: 'https://github.com/kellyselden/broccoli-jscs',
28 silly publish   'ember-addon': { main: 'ember-addon-main.js' },
28 silly publish   readme: 'broccoli-jscs\r\n=============\r\n',
28 silly publish   readmeFilename: 'README.md',
28 silly publish   gitHead: 'b723ca4b4d58b3016ba55cb7d67b4b3986c14f29',
28 silly publish   _id: 'broccoli-jscs@0.0.5',
28 silly publish   _shasum: '899c773acd98c20e920dc847c91b85c3a8efdf16',
28 silly publish   _from: '.' }
29 verbose request where is /broccoli-jscs
30 verbose request registry https://registry.npmjs.org/
31 verbose request id 67f88ff49277cee1
32 verbose url raw /broccoli-jscs
33 verbose url resolving [ 'https://registry.npmjs.org/', './broccoli-jscs' ]
34 verbose url resolved https://registry.npmjs.org/broccoli-jscs
35 verbose request where is https://registry.npmjs.org/broccoli-jscs
36 info trying registry request attempt 1 at 21:55:59
37 http PUT https://registry.npmjs.org/broccoli-jscs
38 http 403 https://registry.npmjs.org/broccoli-jscs
39 verbose headers { date: 'Tue, 21 Oct 2014 01:56:08 GMT',
39 verbose headers   server: 'CouchDB/1.5.0 (Erlang OTP/R16B03)',
39 verbose headers   'content-type': 'application/json',
39 verbose headers   'cache-control': 'max-age=60',
39 verbose headers   'content-length': '2568',
39 verbose headers   'accept-ranges': 'bytes',
39 verbose headers   via: '1.1 varnish',
39 verbose headers   'x-served-by': 'cache-dfw1824-DFW',
39 verbose headers   'x-cache': 'MISS',
39 verbose headers   'x-cache-hits': '0',
39 verbose headers   'x-timer': 'S1413856568.442082,VS0,VE203',
39 verbose headers   'keep-alive': 'timeout=10, max=50',
39 verbose headers   connection: 'Keep-Alive' }
40 error publish Failed PUT 403
41 error Error: forbidden cannot modify pre-existing version: 0.0.5
41 error old={"name":"broccoli-jscs","version":"0.0.5","description":"Broccoli plugin for jscs","main":"index.js","dependencies":{"broccoli-filter":"^0.1.7","jscs":"^1.7.3"},"devDependencies":{},"scripts":{"test":"echo \"Error: no test specified\" && exit 1"},"repository":{"type":"git","url":"https://github.com/kellyselden/broccoli-jscs.git"},"keywords":["broccoli-plugin","jscs","javascript"],"author":{"name":"Kelly Selden"},"license":"MIT","bugs":{"url":"https://github.com/kellyselden/broccoli-jscs/issues"},"homepage":"https://github.com/kellyselden/broccoli-jscs","ember-addon":{"main":"ember-addon-main.js"},"gitHead":"b723ca4b4d58b3016ba55cb7d67b4b3986c14f29","_id":"broccoli-jscs@0.0.5","_shasum":"a78d2afa819ad28441e692ac1d92d366f181f9b7","_from":".","_npmVersion":"1.4.26","_npmUser":{"name":"kellyselden","email":"kellyselden@gmail.com"},"maintainers":[{"name":"kellyselden","email":"kellyselden@gmail.com"}],"dist":{"shasum":"a78d2afa819ad28441e692ac1d92d366f181f9b7","tarball":"http://registry.npmjs.org/broccoli-jscs/-/broccoli-jscs-0.0.5.tgz"}}
41 error new={"name":"broccoli-jscs","version":"0.0.5","description":"Broccoli plugin for jscs","main":"index.js","dependencies":{"broccoli-filter":"^0.1.7","jscs":"^1.7.3"},"devDependencies":{},"scripts":{"test":"echo \"Error: no test specified\" && exit 1"},"repository":{"type":"git","url":"https://github.com/kellyselden/broccoli-jscs.git"},"keywords":["broccoli-plugin","jscs","javascript","ember-addon"],"author":{"name":"Kelly Selden"},"license":"MIT","bugs":{"url":"https://github.com/kellyselden/broccoli-jscs/issues"},"homepage":"https://github.com/kellyselden/broccoli-jscs","ember-addon":{"main":"ember-addon-main.js"},"readme":"broccoli-jscs\u000d\u000a=============\u000d\u000a","readmeFilename":"README.md","gitHead":"b723ca4b4d58b3016ba55cb7d67b4b3986c14f29","_id":"broccoli-jscs@0.0.5","_shasum":"899c773acd98c20e920dc847c91b85c3a8efdf16","_from":".","_npmVersion":"1.4.26","_npmUser":{"name":"kellyselden","email":"kellyselden@gmail.com"},"maintainers":[{"name":"kellyselden","email":"kellyselden@gmail.com"}],"dist":{"shasum":"899c773acd98c20e920dc847c91b85c3a8efdf16","tarball":"http://registry.npmjs.org/broccoli-jscs/-/broccoli-jscs-0.0.5.tgz"}}: broccoli-jscs
41 error     at RegClient.<anonymous> (C:\Users\kelly\AppData\Roaming\npm\node_modules\npm\node_modules\npm-registry-client\lib\request.js:308:14)
41 error     at Request._callback (C:\Users\kelly\AppData\Roaming\npm\node_modules\npm\node_modules\npm-registry-client\lib\request.js:246:65)
41 error     at Request.self.callback (C:\Users\kelly\AppData\Roaming\npm\node_modules\npm\node_modules\request\request.js:123:22)
41 error     at Request.emit (events.js:98:17)
41 error     at Request.<anonymous> (C:\Users\kelly\AppData\Roaming\npm\node_modules\npm\node_modules\request\request.js:893:14)
41 error     at Request.emit (events.js:117:20)
41 error     at IncomingMessage.<anonymous> (C:\Users\kelly\AppData\Roaming\npm\node_modules\npm\node_modules\request\request.js:844:12)
41 error     at IncomingMessage.emit (events.js:117:20)
41 error     at _stream_readable.js:943:16
41 error     at process._tickCallback (node.js:419:13)
42 error If you need help, you may report this *entire* log,
42 error including the npm and node versions, at:
42 error     <http://github.com/npm/npm/issues>
43 error System Windows_NT 6.1.7601
44 error command "node" "C:\\Users\\kelly\\AppData\\Roaming\\npm\\node_modules\\npm\\bin\\npm-cli.js" "publish"
45 error cwd E:\Code\broccoli-jscs
46 error node -v v0.10.31
47 error npm -v 1.4.26
48 verbose exit [ 1, true ]
